\BOOKMARK [1][-]{section.1}{Introduction}{}% 1
\BOOKMARK [1][-]{section.2}{Design methodologies}{}% 2
\BOOKMARK [2][-]{subsection.2.1}{Overview of the theoretical foundations of the optical properties of nanostructures}{section.2}% 3
\BOOKMARK [2][-]{subsection.2.2}{Mie theory for spherical nanostructures}{section.2}% 4
\BOOKMARK [2][-]{subsection.2.3}{Design of nanostructures for enhancing solar energy conversion using Mie theory}{section.2}% 5
\BOOKMARK [2][-]{subsection.2.4}{Transfer Matrix Methods for planar structures}{section.2}% 6
\BOOKMARK [2][-]{subsection.2.5}{Design of selective emitters for thermophotovoltaic applications using Transfer Matrix Methods}{section.2}% 7
\BOOKMARK [2][-]{subsection.2.6}{Finite-Difference Time-Domain method}{section.2}% 8
\BOOKMARK [2][-]{subsection.2.7}{Design of patterned structures for absorption enhancement using the FDTD method}{section.2}% 9
\BOOKMARK [2][-]{subsection.2.8}{Discrete Dipole Approximation}{section.2}% 10
\BOOKMARK [2][-]{subsection.2.9}{Design of nanostructures for near-field enhancement of solar energy conversion using the DDA method }{section.2}% 11
\BOOKMARK [2][-]{subsection.2.10}{Summary and outlook for theoretical design methodologies}{section.2}% 12
\BOOKMARK [1][-]{section.3}{Large area fabrication of optical nanostructures}{}% 13
\BOOKMARK [2][-]{subsection.3.1}{Direct laser writing and laser interference lithography}{section.3}% 14
\BOOKMARK [2][-]{subsection.3.2}{Laser sintering of nanoparticles}{section.3}% 15
\BOOKMARK [2][-]{subsection.3.3}{Glancing angle deposition \(GLAD\)}{section.3}% 16
\BOOKMARK [2][-]{subsection.3.4}{Laser micro/nano textures}{section.3}% 17
\BOOKMARK [1][-]{section.4}{Solar energy conversion applications}{}% 18
\BOOKMARK [2][-]{subsection.4.1}{Solar thermal}{section.4}% 19
\BOOKMARK [2][-]{subsection.4.2}{Solar thermophotovoltaics}{section.4}% 20
\BOOKMARK [1][-]{section.5}{Conclusions}{}% 21
